[debug] [2020-12-16T14:44:55.498Z] ----------------------------------------------------------------------
[debug] [2020-12-16T14:44:55.502Z] Command:       C:\Program Files\nodejs\node.exe C:\Users\USER\AppData\Roaming\npm\node_modules\firebase-tools\lib\bin\firebase.js init
[debug] [2020-12-16T14:44:55.502Z] CLI Version:   9.0.0
[debug] [2020-12-16T14:44:55.503Z] Platform:      win32
[debug] [2020-12-16T14:44:55.503Z] Node Version:  v14.6.0
[debug] [2020-12-16T14:44:55.504Z] Time:          Wed Dec 16 2020 15:44:55 GMT+0100 (West Africa Standard Time)
[debug] [2020-12-16T14:44:55.504Z] ----------------------------------------------------------------------
[debug] [2020-12-16T14:44:55.505Z] 
[debug] [2020-12-16T14:44:55.508Z] >>> [apiv2][query] GET https://firebase-public.firebaseio.com/cli.json [none]
[debug] [2020-12-16T14:44:55.543Z] > command requires scopes: ["email","openid","https://www.googleapis.com/auth/cloudplatformprojects.readonly","https://www.googleapis.com/auth/firebase","https://www.googleapis.com/auth/cloud-platform"]
[debug] [2020-12-16T14:44:55.544Z] > authorizing via signed-in user
[info] 
     ######## #### ########  ######## ########     ###     ######  ########
     ##        ##  ##     ## ##       ##     ##  ##   ##  ##       ##
     ######    ##  ########  ######   ########  #########  ######  ######
     ##        ##  ##    ##  ##       ##     ## ##     ##       ## ##
     ##       #### ##     ## ######## ########  ##     ##  ######  ########

You're about to initialize a Firebase project in this directory:

  C:\Users\USER\Desktop\SDGs

[debug] [2020-12-16T14:44:56.669Z] <<< [apiv2][status] GET https://firebase-public.firebaseio.com/cli.json 200
[debug] [2020-12-16T14:44:56.670Z] <<< [apiv2][body] GET https://firebase-public.firebaseio.com/cli.json {"cloudBuildErrorAfter":1594252800000,"cloudBuildWarnAfter":1590019200000,"defaultNode10After":1594252800000,"minVersion":"3.0.5","node8DeploysDisabledAfter":1613390400000,"node8RuntimeDisabledAfter":1615809600000,"node8WarnAfter":1600128000000}
[info] 
=== Project Setup
[info] 
[info] First, let's associate this project directory with a Firebase project.
[info] You can create multiple project aliases by running firebase use --add, 
[info] but for now we'll just set up a default project.
[info] 
[debug] [2020-12-16T14:45:30.580Z] > refreshing access token with scopes: ["email","https://www.googleapis.com/auth/cloud-platform","https://www.googleapis.com/auth/cloudplatformprojects.readonly","https://www.googleapis.com/auth/firebase","openid"]
[debug] [2020-12-16T14:45:30.581Z] >>> HTTP REQUEST POST https://www.googleapis.com/oauth2/v3/token  
 <request body omitted>
[debug] [2020-12-16T14:45:30.994Z] <<< HTTP RESPONSE 200 {"pragma":"no-cache","cache-control":"no-cache, no-store, max-age=0, must-revalidate","date":"Wed, 16 Dec 2020 14:45:31 GMT","expires":"Mon, 01 Jan 1990 00:00:00 GMT","content-type":"application/json; charset=utf-8","vary":"X-Origin, Referer, Origin,Accept-Encoding","server":"scaffolding on HTTPServer2","x-xss-protection":"0","x-frame-options":"SAMEORIGIN","x-content-type-options":"nosniff","alt-svc":"h3-29=\":443\"; ma=2592000,h3-T051=\":443\"; ma=2592000,h3-Q050=\":443\"; ma=2592000,h3-Q046=\":443\"; ma=2592000,h3-Q043=\":443\"; ma=2592000,quic=\":443\"; ma=2592000; v=\"46,43\"","accept-ranges":"none","transfer-encoding":"chunked"}
[debug] [2020-12-16T14:45:31.015Z] >>> HTTP REQUEST GET https://firebase.googleapis.com/v1beta1/projects?pageSize=100  
 
[debug] [2020-12-16T14:45:31.596Z] <<< HTTP RESPONSE 200 {"content-type":"application/json; charset=UTF-8","vary":"X-Origin, Referer, Origin,Accept-Encoding","date":"Wed, 16 Dec 2020 14:45:32 GMT","server":"ESF","cache-control":"private","x-xss-protection":"0","x-frame-options":"SAMEORIGIN","x-content-type-options":"nosniff","alt-svc":"h3-29=\":443\"; ma=2592000,h3-T051=\":443\"; ma=2592000,h3-Q050=\":443\"; ma=2592000,h3-Q046=\":443\"; ma=2592000,h3-Q043=\":443\"; ma=2592000,quic=\":443\"; ma=2592000; v=\"46,43\"","accept-ranges":"none","transfer-encoding":"chunked"}
[info] i  Using project sdgs-pwa (SDGs-PWA) 
[info] 
=== Hosting Setup
[info] 
[info] Your public directory is the folder (relative to your project directory) that
[info] will contain Hosting assets to be uploaded with firebase deploy. If you
[info] have a build process for your assets, use your build's output directory.
[info] 
[info] +  Wrote public/404.html 
[debug] [2020-12-16T14:46:10.495Z] >>> [apiv2][query] GET https://www.gstatic.com/firebasejs/releases.json [none]
[debug] [2020-12-16T14:46:12.609Z] <<< [apiv2][status] GET https://www.gstatic.com/firebasejs/releases.json 200
[debug] [2020-12-16T14:46:12.609Z] <<< [apiv2][body] GET https://www.gstatic.com/firebasejs/releases.json {"current":{"version":"8.2.0","browserURL":"https://www.gstatic.com/firebasejs/8.2.0/firebase.js","packageURL":"https://www.gstatic.com/firebasejs/8.2.0/firebase.tgz"},"live":{"version":"8.2","browserURL":"https://www.gstatic.com/firebasejs/live/8.2/firebase.js","packageURL":"https://www.gstatic.com/firebasejs/live/8.2/firebase.tgz"},"components":{"analytics":"https://www.gstatic.com/firebasejs/8.2.0/firebase-analytics.js","app":"https://www.gstatic.com/firebasejs/8.2.0/firebase-app.js","auth":"https://www.gstatic.com/firebasejs/8.2.0/firebase-auth.js","database":"https://www.gstatic.com/firebasejs/8.2.0/firebase-database.js","firestore":"https://www.gstatic.com/firebasejs/8.2.0/firebase-firestore.js","functions":"https://www.gstatic.com/firebasejs/8.2.0/firebase-functions.js","installations":"https://www.gstatic.com/firebasejs/8.2.0/firebase-installations.js","messaging":"https://www.gstatic.com/firebasejs/8.2.0/firebase-messaging.js","storage":"https://www.gstatic.com/firebasejs/8.2.0/firebase-storage.js","performance":"https://www.gstatic.com/firebasejs/8.2.0/firebase-performance.js","remote-config":"https://www.gstatic.com/firebasejs/8.2.0/firebase-remote-config.js","firestore.memory":"https://www.gstatic.com/firebasejs/8.2.0/firebase-firestore.memory.js"}}
[info] +  Wrote public/index.html 
[info] 
[info] i  Detected a .git folder at C:\Users\USER\Desktop\SDGs 
[info] i  Authorizing with GitHub to upload your service account to a GitHub repository's secrets store. 
[info] 
[info] Visit this URL on this device to log in:
[info] https://github.com/login/oauth/authorize?client_id=89cf50f02ac6aaed3484&state=546199213&redirect_uri=http%3A%2F%2Flocalhost%3A9005&scope=read%3Auser%20repo%20public_repo
[info] 
[info] Waiting for authentication...
[debug] [2020-12-16T14:46:28.660Z] >>> HTTP REQUEST POST https://github.com/login/oauth/access_token  
 {"client_id":"89cf50f02ac6aaed3484","client_secret":"3330d14abc895d9a74d5f17cd7a00711fa2c5bf0","code":"e2a10a254536d5a718f3","redirect_uri":"http://localhost:9005","state":"546199213"}
[debug] [2020-12-16T14:46:29.610Z] <<< HTTP RESPONSE 200 {"date":"Wed, 16 Dec 2020 14:46:30 GMT","content-type":"application/json; charset=utf-8","transfer-encoding":"chunked","server":"GitHub.com","status":"200 OK","vary":"X-PJAX, Accept-Encoding, Accept, X-Requested-With, Accept-Encoding","etag":"W/\"e32f6d980908aeaa19ee5c27799439f0\"","cache-control":"max-age=0, private, must-revalidate","strict-transport-security":"max-age=31536000; includeSubdomains; preload","x-frame-options":"deny","x-content-type-options":"nosniff","x-xss-protection":"1; mode=block","referrer-policy":"origin-when-cross-origin, strict-origin-when-cross-origin","expect-ct":"max-age=2592000, report-uri=\"https://api.github.com/_private/browser/errors\"","content-security-policy":"default-src 'none'; base-uri 'self'; block-all-mixed-content; connect-src 'self' uploads.github.com www.githubstatus.com collector.githubapp.com api.github.com github-cloud.s3.amazonaws.com github-production-repository-file-5c1aeb.s3.amazonaws.com github-production-upload-manifest-file-7fdce7.s3.amazonaws.com github-production-user-asset-6210df.s3.amazonaws.com cdn.optimizely.com logx.optimizely.com/v1/events wss://alive.github.com; font-src github.githubassets.com; form-action 'self' github.com gist.github.com; frame-ancestors 'none'; frame-src render.githubusercontent.com; img-src 'self' data: github.githubassets.com identicons.github.com collector.githubapp.com github-cloud.s3.amazonaws.com *.githubusercontent.com; manifest-src 'self'; media-src 'none'; script-src github.githubassets.com; style-src 'unsafe-inline' github.githubassets.com; worker-src github.com/socket-worker-5029ae85.js gist.github.com/socket-worker-5029ae85.js","x-github-request-id":"D90F:A2C6:11B63C3:186BA1B:5FDA1DC5"}
[debug] [2020-12-16T14:46:29.612Z] >>> [apiv2][query] GET https://api.github.com/user [none]
[debug] [2020-12-16T14:46:30.702Z] <<< [apiv2][status] GET https://api.github.com/user 200
[debug] [2020-12-16T14:46:30.702Z] <<< [apiv2][body] GET https://api.github.com/user {"login":"Caesarsage","id":53141996,"node_id":"MDQ6VXNlcjUzMTQxOTk2","avatar_url":"https://avatars2.githubusercontent.com/u/53141996?v=4","gravatar_id":"","url":"https://api.github.com/users/Caesarsage","html_url":"https://github.com/Caesarsage","followers_url":"https://api.github.com/users/Caesarsage/followers","following_url":"https://api.github.com/users/Caesarsage/following{/other_user}","gists_url":"https://api.github.com/users/Caesarsage/gists{/gist_id}","starred_url":"https://api.github.com/users/Caesarsage/starred{/owner}{/repo}","subscriptions_url":"https://api.github.com/users/Caesarsage/subscriptions","organizations_url":"https://api.github.com/users/Caesarsage/orgs","repos_url":"https://api.github.com/users/Caesarsage/repos","events_url":"https://api.github.com/users/Caesarsage/events{/privacy}","received_events_url":"https://api.github.com/users/Caesarsage/received_events","type":"User","site_admin":false,"name":"Destiny Erhabor","company":null,"blog":"","location":"Nigeria","email":"destinyerhabor6@gmail.com","hireable":null,"bio":"He is an individual interested in software development","twitter_username":null,"public_repos":79,"public_gists":0,"followers":2,"following":9,"created_at":"2019-07-21T11:00:21Z","updated_at":"2020-12-16T14:46:20Z","private_gists":0,"total_private_repos":0,"owned_private_repos":0,"disk_usage":92672,"collaborators":0,"two_factor_authentication":false,"plan":{"name":"pro","space":976562499,"collaborators":0,"private_repos":9999}}
[info] 
[info] +  Success! Logged into GitHub as Caesarsage 
[info] 
[debug] [2020-12-16T14:46:45.718Z] >>> [apiv2][query] GET https://api.github.com/repos//actions/secrets/public-key type=owner
[debug] [2020-12-16T14:46:46.375Z] >>> [apiv2][query] GET https://api.github.com/repos//actions/secrets/public-key type=owner
[debug] [2020-12-16T14:46:47.493Z] <<< [apiv2][status] GET https://api.github.com/repos//actions/secrets/public-key 404
[debug] [2020-12-16T14:46:47.494Z] <<< [apiv2][body] GET https://api.github.com/repos//actions/secrets/public-key {"message":"Not Found","documentation_url":"https://docs.github.com/rest"}
[debug] [2020-12-16T14:47:10.572Z] <<< [apiv2][status] GET https://api.github.com/repos//actions/secrets/public-key 404
[debug] [2020-12-16T14:47:10.573Z] <<< [apiv2][body] GET https://api.github.com/repos//actions/secrets/public-key {"message":"Not Found","documentation_url":"https://docs.github.com/rest"}
[debug] [2020-12-16T14:48:00.255Z] >>> [apiv2][query] GET https://api.github.com/repos/Caesarsage/sgds/actions/secrets/public-key type=owner
[debug] [2020-12-16T14:48:00.894Z] <<< [apiv2][status] GET https://api.github.com/repos/Caesarsage/sgds/actions/secrets/public-key 404
[debug] [2020-12-16T14:48:00.895Z] <<< [apiv2][body] GET https://api.github.com/repos/Caesarsage/sgds/actions/secrets/public-key {"message":"Not Found","documentation_url":"https://docs.github.com/rest/reference/actions#get-a-repository-public-key"}
[debug] [2020-12-16T14:48:07.816Z] >>> [apiv2][query] GET https://api.github.com/repos/Caesarsage/sgds/actions/secrets/public-key type=owner
[debug] [2020-12-16T14:48:08.758Z] <<< [apiv2][status] GET https://api.github.com/repos/Caesarsage/sgds/actions/secrets/public-key 404
[debug] [2020-12-16T14:48:08.758Z] <<< [apiv2][body] GET https://api.github.com/repos/Caesarsage/sgds/actions/secrets/public-key {"message":"Not Found","documentation_url":"https://docs.github.com/rest/reference/actions#get-a-repository-public-key"}
[debug] [2020-12-16T14:48:26.898Z] >>> [apiv2][query] GET https://api.github.com/repos/https:github.com/Caesarsage/sgds/actions/secrets/public-key type=owner
[debug] [2020-12-16T14:48:27.574Z] <<< [apiv2][status] GET https://api.github.com/repos/https:github.com/Caesarsage/sgds/actions/secrets/public-key 404
[debug] [2020-12-16T14:48:27.575Z] <<< [apiv2][body] GET https://api.github.com/repos/https:github.com/Caesarsage/sgds/actions/secrets/public-key {"message":"Not Found","documentation_url":"https://docs.github.com/rest"}
